<?xml version="1.0" encoding="UTF-8"?>
<!-- Generated by org.testng.reporters.JUnitReportReporter -->
<testsuite hostname="MUM01TL00227" failures="0" tests="1" name="TestNG" time="13.534" errors="0" timestamp="2021-01-26T12:06:23 IST" skipped="0">
  <testcase classname="TestNG" name="f" time="13.534"/>
  <system-out/>
</testsuite> <!-- TestNG -->
